  main.cpp
C:\Users\robar\source\repos\GED-ECS\src\Renderer.h(60,14): warning C4244: '=': conversion from 'double' to 'int', possible loss of data
C:\Users\robar\source\repos\GED-ECS\src\Renderer.h(61,14): warning C4244: '=': conversion from 'double' to 'int', possible loss of data
C:\Users\robar\source\repos\GED-ECS\src\Renderer.h(75,1): warning C4305: 'initializing': truncation from 'double' to 'float'
C:\Users\robar\source\repos\GED-ECS\src\Renderer.h(76,16): warning C4244: 'initializing': conversion from 'double' to 'float', possible loss of data
C:\Users\robar\source\repos\GED-ECS\src\Renderer.h(85,13): warning C4244: 'initializing': conversion from 'float' to 'int', possible loss of data
C:\Users\robar\source\repos\GED-ECS\src\Renderer.h(86,13): warning C4244: 'initializing': conversion from 'float' to 'int', possible loss of data
C:\Users\robar\source\repos\GED-ECS\src\Renderer.h(95,44): warning C4244: '=': conversion from 'double' to 'int', possible loss of data
C:\Users\robar\source\repos\GED-ECS\src\Renderer.h(96,44): warning C4244: '=': conversion from 'double' to 'int', possible loss of data
C:\Users\robar\source\repos\GED-ECS\src\Systems\RenderSystem.h(38,96): warning C4244: 'argument': conversion from 'float' to 'Uint8', possible loss of data
C:\Users\robar\source\repos\GED-ECS\src\Systems\RenderSystem.h(38,87): warning C4244: 'argument': conversion from 'float' to 'Uint8', possible loss of data
C:\Users\robar\source\repos\GED-ECS\src\Systems\RenderSystem.h(38,78): warning C4244: 'argument': conversion from 'float' to 'Uint8', possible loss of data
C:\Users\robar\source\repos\GED-ECS\src\Systems\RenderSystem.h(38,61): warning C4244: 'argument': conversion from 'float' to 'int', possible loss of data
C:\Users\robar\source\repos\GED-ECS\src\Systems\RenderSystem.h(38,43): warning C4244: 'argument': conversion from 'float' to 'int', possible loss of data
C:\Users\robar\source\repos\GED-ECS\src\Systems\RenderSystem.h(38,33): warning C4244: 'argument': conversion from 'float' to 'int', possible loss of data
C:\Users\robar\source\repos\GED-ECS\src\Systems\RenderSystem.h(38,26): warning C4244: 'argument': conversion from 'float' to 'int', possible loss of data
C:\Users\robar\source\repos\GED-ECS\src\Systems\InputSystem.h(24,12): warning C4244: '=': conversion from 'int' to 'float', possible loss of data
C:\Users\robar\source\repos\GED-ECS\src\Systems\InputSystem.h(25,12): warning C4244: '=': conversion from 'int' to 'float', possible loss of data
C:\Users\robar\source\repos\GED-ECS\src\main.cpp(64,12): warning C4244: 'argument': conversion from 'time_t' to 'unsigned int', possible loss of data
C:\Users\robar\source\repos\GED-ECS\src\main.cpp(74,45): warning C4244: 'argument': conversion from 'int' to 'float', possible loss of data
C:\Users\robar\source\repos\GED-ECS\src\main.cpp(74,42): warning C4244: 'argument': conversion from 'int' to 'float', possible loss of data
C:\Users\robar\source\repos\GED-ECS\src\main.cpp(86,13): warning C4244: 'argument': conversion from 'float' to 'Uint32', possible loss of data
C:\Users\robar\source\repos\GED-ECS\src\StarlightEngine\Starlight.h(86,1): warning C4267: 'initializing': conversion from 'size_t' to 'int', possible loss of data
C:\Users\robar\source\repos\GED-ECS\src\Systems\RenderSystem.h(32): message : see reference to function template instantiation 'Starlight::ComponentManager<TransformComponent> *Starlight::Engine::GetComponentManager<TransformComponent>(void)' being compiled
  GameLoop.vcxproj -> C:\Users\robar\source\repos\GED-ECS\bin\GameLoop.exe
